<?xml version="1.0" encoding="UTF-8"?>
<testsuite xmlns:xsi="http://www.w3.org/2001/XMLSchema-instance" xsi:noNamespaceSchemaLocation="https://maven.apache.org/surefire/maven-surefire-plugin/xsd/surefire-test-report-3.0.xsd" version="3.0" name="PracticeProblemTest" time="0.182" tests="19" errors="0" skipped="0" failures="0">
  <properties>
[...]
</properties>
  <testcase name="testQ1_1" classname="PracticeProblemTest" time="0.042"/>
  <testcase name="testQ1_2" classname="PracticeProblemTest" time="0.002"/>
  <testcase name="testQ2_1" classname="PracticeProblemTest" time="0.002"/>
  <testcase name="testQ2_2" classname="PracticeProblemTest" time="0.003"/>
  <testcase name="testQ3_1" classname="PracticeProblemTest" time="0.003"/>
  <testcase name="testQ3_2" classname="PracticeProblemTest" time="0.004"/>
  <testcase name="testQ4_1" classname="PracticeProblemTest" time="0.01"/>
  <testcase name="testQ4_2" classname="PracticeProblemTest" time="0.011"/>
  <testcase name="testQ4_3" classname="PracticeProblemTest" time="0.008"/>
  <testcase name="testQ4_4" classname="PracticeProblemTest" time="0.007"/>
  <testcase name="testQ4_5" classname="PracticeProblemTest" time="0.003"/>
  <testcase name="testQ5_1" classname="PracticeProblemTest" time="0.001"/>
  <testcase name="testQ5_2" classname="PracticeProblemTest" time="0.001"/>
  <testcase name="testQ6_1" classname="PracticeProblemTest" time="0.002"/>
  <testcase name="testQ6_2" classname="PracticeProblemTest" time="0.005"/>
  <testcase name="testQ6_3" classname="PracticeProblemTest" time="0.007"/>
  <testcase name="testQ7_1" classname="PracticeProblemTest" time="0.016"/>
  <testcase name="testQ7_2" classname="PracticeProblemTest" time="0.005"/>
  <testcase name="testQ7_3" classname="PracticeProblemTest" time="0.003"/>
</testsuite>